Arguments: 
  /usr/local/bin/node /usr/local/Cellar/yarn/1.22.19/libexec/bin/yarn.js add rails

PATH: 
  /opt/homebrew/opt/php@8.0/bin:/usr/local/bin:/usr/bin:/bin:/usr/sbin:/sbin:/Applications/VMware Fusion.app/Contents/Public:/Library/TeX/texbin:/usr/local/share/dotnet:~/.dotnet/tools:/Library/Apple/usr/bin:/Library/Frameworks/Mono.framework/Versions/Current/Commands:/Applications/Wireshark.app/Contents/MacOS:/Users/aslen/Library/Android/sdk/platform-tools:/Applications/VMware

Yarn version: 
  1.22.19

Node version: 
  16.15.1

Platform: 
  darwin arm64

Trace: 
  Error: https://registry.yarnpkg.com/rails/-/rails-4.1.0-beta.tgz: Request failed "404 Not Found"
      at ResponseError.ExtendableBuiltin (/usr/local/Cellar/yarn/1.22.19/libexec/lib/cli.js:696:66)
      at new ResponseError (/usr/local/Cellar/yarn/1.22.19/libexec/lib/cli.js:802:124)
      at Request.<anonymous> (/usr/local/Cellar/yarn/1.22.19/libexec/lib/cli.js:66215:16)
      at Request.emit (node:events:527:28)
      at Request.module.exports.Request.onRequestResponse (/usr/local/Cellar/yarn/1.22.19/libexec/lib/cli.js:141767:10)
      at ClientRequest.emit (node:events:527:28)
      at HTTPParser.parserOnIncomingClient (node:_http_client:631:27)
      at HTTPParser.parserOnHeadersComplete (node:_http_common:128:17)
      at TLSSocket.socketOnData (node:_http_client:494:22)
      at TLSSocket.emit (node:events:527:28)

npm manifest: 
  {
    "name": "marketsearch_server",
    "version": "1.0.0",
    "description": "",
    "main": "index.js",
    "scripts": {
      "test": "echo \"Error: no test specified\" && exit 1",
      "start": "nodemon index.js"
    },
    "keywords": [],
    "author": "",
    "license": "ISC",
    "devDependencies": {
      "nodemon": "^2.0.19"
    },
    "dependencies": {
      "cors": "^2.8.5",
      "dotenv": "^16.0.1",
      "express": "^4.18.1",
      "express-validator": "^6.14.2",
      "moment": "^2.29.4",
      "mongoose": "^6.5.2",
      "multer": "^1.4.5-lts.1",
      "node-code-generator": "^1.0.3"
    }, 
    "engines" : {
      "node" : "16.15.1"
    }
  }

yarn manifest: 
  No manifest

Lockfile: 
  No lockfile
